La génération a démarré 2016-02-24 21:19:49.
     1>Projet "C:\Users\Patrick\Documents\GitHub\Projet-S2-GEGI-P18\Projet-S2\Projet-S2.vcxproj" sur le nœud 2 (Build cible(s)).
     1>CustomBuild:
         Moc'ing mainwindow.h...
       ClCompile:
         C:\Program Files (x86)\Microsoft Visual Studio 12.0\VC\bin\x86_amd64\CL.exe /c /I. /IC:\Qt\5.5\msvc2013_64\include /IC:\Qt\5.5\msvc2013_64\include\QtWidgets /IC:\Qt\5.5\msvc2013_64\include\QtGui /IC:\Qt\5.5\msvc2013_64\include\QtANGLE /IC:\Qt\5.5\msvc2013_64\include\QtCore /Idebug /I. /I"C:\Qt\5.5\msvc2013_64\mkspecs\win32-msvc2013" /I.\GeneratedFiles /Zi /nologo /W3 /WX- /Od /D _WINDOWS /D UNICODE /D WIN32 /D WIN64 /D QT_WIDGETS_LIB /D QT_GUI_LIB /D QT_CORE_LIB /Gm- /EHsc /MDd /GS /fp:precise /Zc:wchar_t /Zc:forScope /GR /Fo"x64\Debug\\" /Fd"x64\Debug\vc120.pdb" /Gd /TP /errorReport:prompt -w34100 -w34189 -w44996 GeneratedFiles\Debug\moc_mainwindow.cpp Hlaser.cpp powerUp.cpp Vlaser.cpp
         moc_mainwindow.cpp
         Hlaser.cpp
         powerUp.cpp
         Vlaser.cpp
         Génération de code en cours...
       Link:
         C:\Program Files (x86)\Microsoft Visual Studio 12.0\VC\bin\x86_amd64\link.exe /ERRORREPORT:PROMPT /OUT:"debug\\Projet-S2.exe" /NOLOGO /LIBPATH:C:\Qt\5.5\msvc2013_64\lib /LIBPATH:C:/qt/5.5/msvc2013_64/lib /LIBPATH:C:\Qt\5.5\msvc2013_64\lib C:\Qt\5.5\msvc2013_64\lib\qtmaind.lib shell32.lib C:/qt/5.5/msvc2013_64/lib\Qt5Cored.lib C:\Qt\5.5\msvc2013_64\lib\Qt5Widgetsd.lib C:\Qt\5.5\msvc2013_64\lib\Qt5Guid.lib C:\Qt\5.5\msvc2013_64\lib\Qt5Cored.lib kernel32.lib user32.lib gdi32.lib winspool.lib comdlg32.lib advapi32.lib shell32.lib ole32.lib oleaut32.lib uuid.lib odbc32.lib odbccp32.lib /MANIFEST /MANIFESTUAC:"level='asInvoker' uiAccess='false'" /manifest:embed /DEBUG /PDB:"debug\Projet-S2.pdb" /SUBSYSTEM:WINDOWS /TLBID:1 /DYNAMICBASE /NXCOMPAT /MACHINE:X64 "/MANIFESTDEPENDENCY:type='win32' name='Microsoft.Windows.Common-Controls' version='6.0.0.0' publicKeyToken='6595b64144ccf1df' language='*' processorArchitecture='*'" x64\Debug\moc_mainwindow.obj
         x64\Debug\Hlaser.obj
         x64\Debug\main.obj
         x64\Debug\mainwindow.obj
         x64\Debug\obstacle.obj
         x64\Debug\platform.obj
         x64\Debug\powerUp.obj
         x64\Debug\rectangle.obj
         x64\Debug\runner.obj
         x64\Debug\vector2.obj
         x64\Debug\Vlaser.obj
         Projet-S2.vcxproj -> C:\Users\Patrick\Documents\GitHub\Projet-S2-GEGI-P18\Projet-S2\debug\Projet-S2.exe
     1>Génération du projet "C:\Users\Patrick\Documents\GitHub\Projet-S2-GEGI-P18\Projet-S2\Projet-S2.vcxproj" terminée (Build cible(s)).

La génération a réussi.

Temps écoulé 00:00:05.85
